Started GET "/" for 127.0.0.1 at 2018-02-25 16:30:17 +0530
Processing by Rails::WelcomeController#index as HTML
  Rendering /var/lib/gems/2.3.0/gems/railties-5.1.5/lib/rails/templates/rails/welcome/index.html.erb
  Rendered /var/lib/gems/2.3.0/gems/railties-5.1.5/lib/rails/templates/rails/welcome/index.html.erb (8.2ms)
Completed 200 OK in 346ms (Views: 26.0ms)


Started GET "/" for 127.0.0.1 at 2018-02-25 17:17:37 +0530
Processing by Rails::WelcomeController#index as HTML
  Rendering /var/lib/gems/2.3.0/gems/railties-5.1.5/lib/rails/templates/rails/welcome/index.html.erb
  Rendered /var/lib/gems/2.3.0/gems/railties-5.1.5/lib/rails/templates/rails/welcome/index.html.erb (5.5ms)
Completed 200 OK in 10ms (Views: 8.1ms)


Started GET "/" for 127.0.0.1 at 2018-02-25 19:18:56 +0530
Processing by Rails::WelcomeController#index as HTML
  Rendering /var/lib/gems/2.3.0/gems/railties-5.1.5/lib/rails/templates/rails/welcome/index.html.erb
  Rendered /var/lib/gems/2.3.0/gems/railties-5.1.5/lib/rails/templates/rails/welcome/index.html.erb (5.1ms)
Completed 200 OK in 318ms (Views: 21.9ms)


Started GET "/" for 127.0.0.1 at 2018-02-26 22:42:19 +0530
Processing by Rails::WelcomeController#index as HTML
  Rendering /var/lib/gems/2.3.0/gems/railties-5.1.5/lib/rails/templates/rails/welcome/index.html.erb
  Rendered /var/lib/gems/2.3.0/gems/railties-5.1.5/lib/rails/templates/rails/welcome/index.html.erb (5.0ms)
Completed 200 OK in 294ms (Views: 22.5ms)


